<?xml version="1.0" encoding="UTF-8"?>
<!-- Generated by org.testng.reporters.JUnitReportReporter -->
<testsuite hostname="Abhijith" failures="0" tests="1" name="computers.TC_DWS_006_Test" time="4.726" errors="0" timestamp="2024-12-20T17:09:16 IST" skipped="0">
  <testcase classname="computers.TC_DWS_006_Test" name="clickOnComputers" time="4.726"/>
  <system-out/>
</testsuite> <!-- computers.TC_DWS_006_Test -->
